<?xml version="1.0" encoding="UTF-8"?>
<testsuite name="API_Post"
           tests="4"
           failures="0"
           errors="0"
           skipped="0"
           time="12.356">
    <properties></properties>



            <testcase
                name="delete_call"
                time="2.848"
                classname="AssignmentTestNG.AssignmentTestNG2">
            </testcase>
            <testcase
                name="getcall"
                time="1.520"
                classname="AssignmentTestNG.AssignmentTestNG2">
            </testcase>
            <testcase
                name="Create_Post_API"
                time="6.187"
                classname="AssignmentTestNG.AssignmentTestNG2">
            </testcase>
            <testcase
                name="put_call"
                time="1.801"
                classname="AssignmentTestNG.AssignmentTestNG2">
            </testcase>
</testsuite>
